Terminals unused in grammar

   "{"
   "}"
   ";"
   "="
   "!="
   "package"
   "import"
   "func"
   "string"


Grammar

    0 $accept: unit "end of file"

    1 unit: assignments exp

    2 assignments: %empty
    3            | assignments assignment

    4 assignment: "identifier" ":=" exp

    5 exp: exp "+" exp
    6    | exp "-" exp
    7    | exp "*" exp
    8    | exp "/" exp
    9    | "(" exp ")"
   10    | "identifier"
   11    | "number"


Terminals, with rules where they appear

"end of file" (0) 0
error (256)
":=" (258) 4
"-" (259) 6
"+" (260) 5
"*" (261) 7
"/" (262) 8
"(" (263) 9
")" (264) 9
"{" (265)
"}" (266)
";" (267)
"=" (268)
"!=" (269)
"package" (270)
"import" (271)
"func" (272)
"identifier" (273) 4 10
"string" (274)
"number" (275) 11


Nonterminals, with rules where they appear

$accept (21)
    on left: 0
unit (22)
    on left: 1, on right: 0
assignments (23)
    on left: 2 3, on right: 1 3
assignment (24)
    on left: 4, on right: 3
exp (25)
    on left: 5 6 7 8 9 10 11, on right: 1 4 5 6 7 8 9


State 0

    0 $accept: . unit "end of file"

    $default  reduce using rule 2 (assignments)

    unit         go to state 1
    assignments  go to state 2


State 1

    0 $accept: unit . "end of file"

    "end of file"  shift, and go to state 3


State 2

    1 unit: assignments . exp
    3 assignments: assignments . assignment

    "("           shift, and go to state 4
    "identifier"  shift, and go to state 5
    "number"      shift, and go to state 6

    assignment  go to state 7
    exp         go to state 8


State 3

    0 $accept: unit "end of file" .

    $default  accept


State 4

    9 exp: "(" . exp ")"

    "("           shift, and go to state 4
    "identifier"  shift, and go to state 9
    "number"      shift, and go to state 6

    exp  go to state 10


State 5

    4 assignment: "identifier" . ":=" exp
   10 exp: "identifier" .

    ":="  shift, and go to state 11

    $default  reduce using rule 10 (exp)


State 6

   11 exp: "number" .

    $default  reduce using rule 11 (exp)


State 7

    3 assignments: assignments assignment .

    $default  reduce using rule 3 (assignments)


State 8

    1 unit: assignments exp .
    5 exp: exp . "+" exp
    6    | exp . "-" exp
    7    | exp . "*" exp
    8    | exp . "/" exp

    "-"  shift, and go to state 12
    "+"  shift, and go to state 13
    "*"  shift, and go to state 14
    "/"  shift, and go to state 15

    $default  reduce using rule 1 (unit)


State 9

   10 exp: "identifier" .

    $default  reduce using rule 10 (exp)


State 10

    5 exp: exp . "+" exp
    6    | exp . "-" exp
    7    | exp . "*" exp
    8    | exp . "/" exp
    9    | "(" exp . ")"

    "-"  shift, and go to state 12
    "+"  shift, and go to state 13
    "*"  shift, and go to state 14
    "/"  shift, and go to state 15
    ")"  shift, and go to state 16


State 11

    4 assignment: "identifier" ":=" . exp

    "("           shift, and go to state 4
    "identifier"  shift, and go to state 9
    "number"      shift, and go to state 6

    exp  go to state 17


State 12

    6 exp: exp "-" . exp

    "("           shift, and go to state 4
    "identifier"  shift, and go to state 9
    "number"      shift, and go to state 6

    exp  go to state 18


State 13

    5 exp: exp "+" . exp

    "("           shift, and go to state 4
    "identifier"  shift, and go to state 9
    "number"      shift, and go to state 6

    exp  go to state 19


State 14

    7 exp: exp "*" . exp

    "("           shift, and go to state 4
    "identifier"  shift, and go to state 9
    "number"      shift, and go to state 6

    exp  go to state 20


State 15

    8 exp: exp "/" . exp

    "("           shift, and go to state 4
    "identifier"  shift, and go to state 9
    "number"      shift, and go to state 6

    exp  go to state 21


State 16

    9 exp: "(" exp ")" .

    $default  reduce using rule 9 (exp)


State 17

    4 assignment: "identifier" ":=" exp .
    5 exp: exp . "+" exp
    6    | exp . "-" exp
    7    | exp . "*" exp
    8    | exp . "/" exp

    "-"  shift, and go to state 12
    "+"  shift, and go to state 13
    "*"  shift, and go to state 14
    "/"  shift, and go to state 15

    $default  reduce using rule 4 (assignment)


State 18

    5 exp: exp . "+" exp
    6    | exp . "-" exp
    6    | exp "-" exp .
    7    | exp . "*" exp
    8    | exp . "/" exp

    "*"  shift, and go to state 14
    "/"  shift, and go to state 15

    $default  reduce using rule 6 (exp)


State 19

    5 exp: exp . "+" exp
    5    | exp "+" exp .
    6    | exp . "-" exp
    7    | exp . "*" exp
    8    | exp . "/" exp

    "*"  shift, and go to state 14
    "/"  shift, and go to state 15

    $default  reduce using rule 5 (exp)


State 20

    5 exp: exp . "+" exp
    6    | exp . "-" exp
    7    | exp . "*" exp
    7    | exp "*" exp .
    8    | exp . "/" exp

    $default  reduce using rule 7 (exp)


State 21

    5 exp: exp . "+" exp
    6    | exp . "-" exp
    7    | exp . "*" exp
    8    | exp . "/" exp
    8    | exp "/" exp .

    $default  reduce using rule 8 (exp)
